<?xml version="1.0" encoding="UTF-8"?>
<!-- Generated by org.testng.reporters.JUnitReportReporter -->
<testsuite hostname="MSI" failures="0" tests="1" name="cucumber.TestNGTestRunner" time="7.647" errors="0" timestamp="2024-07-05T18:47:50 CEST" skipped="0">
  <testcase classname="cucumber.TestNGTestRunner" name="runScenario" time="7.647"/>
  <system-out/>
</testsuite> <!-- cucumber.TestNGTestRunner -->
