<?xml version="1.0" encoding="UTF-8"?>
<!-- Generated by org.testng.reporters.JUnitReportReporter -->
<testsuite hostname="MSI" failures="0" tests="2" name="gianluca.tests.SubMitOrderTest2" time="16.981" errors="0" timestamp="2024-07-04T11:45:57 CEST" skipped="0">
  <testcase classname="gianluca.tests.SubMitOrderTest2" name="subMitOrder2" time="8.896"/>
  <system-out/>
  <testcase classname="gianluca.tests.SubMitOrderTest2" name="subMitOrder2" time="8.085"/>
  <system-out/>
</testsuite> <!-- gianluca.tests.SubMitOrderTest2 -->
