<?xml version="1.0" encoding="UTF-8"?>
<!-- Generated by org.testng.reporters.JUnitReportReporter -->
<testsuite hostname="MSI" failures="0" tests="3" name="gianluca.tests.SubMitOrderTest2" time="21.540" errors="0" timestamp="2024-07-15T12:32:31 CEST" skipped="0">
  <testcase classname="gianluca.tests.SubMitOrderTest2" name="subMitOrder2" time="7.169"/>
  <testcase classname="gianluca.tests.SubMitOrderTest2" name="subMitOrder2" time="7.452"/>
  <testcase classname="gianluca.tests.SubMitOrderTest2" name="OrderHistoryTest" time="6.919"/>
</testsuite> <!-- gianluca.tests.SubMitOrderTest2 -->
