<?xml version="1.0" encoding="UTF-8"?>
<!-- Generated by org.testng.reporters.JUnitReportReporter -->
<testsuite hostname="MSI" failures="0" tests="1" name="cucumber.TestNGTestRunner" time="9.999" errors="0" timestamp="2024-07-06T11:18:44 CEST" skipped="0">
  <testcase classname="cucumber.TestNGTestRunner" name="runScenario" time="9.999"/>
</testsuite> <!-- cucumber.TestNGTestRunner -->
