<?xml version="1.0" encoding="UTF-8"?>
<!-- Generated by org.testng.reporters.JUnitReportReporter -->
<testsuite hostname="MSI" failures="0" tests="2" name="gianluca.tests.ErrorValidations" time="17.946" errors="0" timestamp="2024-07-15T12:32:31 CEST" skipped="0">
  <testcase classname="gianluca.tests.ErrorValidations" name="subMitOrder" time="5.068"/>
  <testcase classname="gianluca.tests.ErrorValidations" name="ProductErrorValidations" time="12.878"/>
</testsuite> <!-- gianluca.tests.ErrorValidations -->
